[2026-03-25 19:06:58] SettingsViewModel constructor start
[2026-03-25 19:06:58] Calling LoadFromSettings
[2026-03-25 19:06:58] LoadFromSettings called with: {"SpeedX":1000,"SpeedY":1000,"SpeedXHand":200,"SpeedYHand":200,"SpeedZ":1000,"SpeedZHand":200,"XMin":0,"XMax":1000,"YMin":0,"YMax":600,"ZMin":0,"ZMax":500,"ToolLength1":50,"ToolLength2":50,"ToolLength3":50,"HomeX":0,"HomeY":0,"SafetyHeight":50,"ClampForce":100,"SuperviseTimePunching":0,"RunningTimeBeltWorkpiece":0,"RunningTimeBeltRest":0,"WaitingTimeClosingGrippers":0,"WaitingTimeOpenGrippers":0,"WaitingTimeClosingClamping":0,"WaitingTimeOpenClamping":0,"PartDropOffPosition":0,"GrabPositionGripper":0,"ChangeoverPositionPunching":0,"ChangeoverPositionCutting":0,"OffsetSideStop":0,"ZeroPointTool4":0,"ChangePositionTool4":0,"XAxisAcceleration":0,"XAxisUnblockY":0,"YAxisAcceleration":0,"YAxisUnblockXRight":0,"YAxisUnblockXLeft":0,"YAxisSideStop":0,"ZAxisAcceleration":0}
[2026-03-25 19:06:58] LoadFromSettings finished property assignment
[2026-03-25 19:06:58] LoadFromSettings completed
[2026-03-29 14:00:45] SettingsViewModel constructor start
[2026-03-29 14:00:45] Calling LoadFromSettings
[2026-03-29 14:00:45] LoadFromSettings called with: {"SpeedX":1000,"SpeedY":1000,"SpeedXHand":200,"SpeedYHand":200,"SpeedZ":1000,"SpeedZHand":200,"XMin":0,"XMax":1000,"YMin":0,"YMax":600,"ZMin":0,"ZMax":500,"ToolLength1":50,"ToolLength2":50,"ToolLength3":50,"HomeX":0,"HomeY":0,"SafetyHeight":50,"ClampForce":100,"SuperviseTimePunching":0,"RunningTimeBeltWorkpiece":0,"RunningTimeBeltRest":0,"WaitingTimeClosingGrippers":0,"WaitingTimeOpenGrippers":0,"WaitingTimeClosingClamping":0,"WaitingTimeOpenClamping":0,"PartDropOffPosition":0,"GrabPositionGripper":0,"ChangeoverPositionPunching":0,"ChangeoverPositionCutting":0,"OffsetSideStop":0,"ZeroPointTool4":0,"ChangePositionTool4":0,"XAxisAcceleration":0,"XAxisUnblockY":0,"YAxisAcceleration":0,"YAxisUnblockXRight":0,"YAxisUnblockXLeft":0,"YAxisSideStop":0,"ZAxisAcceleration":0}
[2026-03-29 14:00:45] LoadFromSettings finished property assignment
[2026-03-29 14:00:45] LoadFromSettings completed
[2026-03-29 14:02:18] SettingsViewModel constructor start
[2026-03-29 14:02:18] Calling LoadFromSettings
[2026-03-29 14:02:18] LoadFromSettings called with: {"SpeedX":1000,"SpeedY":1000,"SpeedXHand":200,"SpeedYHand":200,"SpeedZ":1000,"SpeedZHand":200,"XMin":0,"XMax":1000,"YMin":0,"YMax":600,"ZMin":0,"ZMax":500,"ToolLength1":50,"ToolLength2":50,"ToolLength3":50,"HomeX":0,"HomeY":0,"SafetyHeight":50,"ClampForce":100,"SuperviseTimePunching":0,"RunningTimeBeltWorkpiece":0,"RunningTimeBeltRest":0,"WaitingTimeClosingGrippers":0,"WaitingTimeOpenGrippers":0,"WaitingTimeClosingClamping":0,"WaitingTimeOpenClamping":0,"PartDropOffPosition":0,"GrabPositionGripper":0,"ChangeoverPositionPunching":0,"ChangeoverPositionCutting":0,"OffsetSideStop":0,"ZeroPointTool4":0,"ChangePositionTool4":0,"XAxisAcceleration":0,"XAxisUnblockY":0,"YAxisAcceleration":0,"YAxisUnblockXRight":0,"YAxisUnblockXLeft":0,"YAxisSideStop":0,"ZAxisAcceleration":0}
[2026-03-29 14:02:18] LoadFromSettings finished property assignment
[2026-03-29 14:02:18] LoadFromSettings completed
[2026-03-29 14:03:53] SettingsViewModel constructor start
[2026-03-29 14:03:53] Calling LoadFromSettings
[2026-03-29 14:03:53] LoadFromSettings called with: {"SpeedX":1000,"SpeedY":1000,"SpeedXHand":200,"SpeedYHand":200,"SpeedZ":1000,"SpeedZHand":200,"XMin":0,"XMax":1000,"YMin":0,"YMax":600,"ZMin":0,"ZMax":500,"ToolLength1":50,"ToolLength2":50,"ToolLength3":50,"HomeX":0,"HomeY":0,"SafetyHeight":50,"ClampForce":100,"SuperviseTimePunching":0,"RunningTimeBeltWorkpiece":0,"RunningTimeBeltRest":0,"WaitingTimeClosingGrippers":0,"WaitingTimeOpenGrippers":0,"WaitingTimeClosingClamping":0,"WaitingTimeOpenClamping":0,"PartDropOffPosition":0,"GrabPositionGripper":0,"ChangeoverPositionPunching":0,"ChangeoverPositionCutting":0,"OffsetSideStop":0,"ZeroPointTool4":0,"ChangePositionTool4":0,"XAxisAcceleration":0,"XAxisUnblockY":0,"YAxisAcceleration":0,"YAxisUnblockXRight":0,"YAxisUnblockXLeft":0,"YAxisSideStop":0,"ZAxisAcceleration":0}
[2026-03-29 14:03:53] LoadFromSettings finished property assignment
[2026-03-29 14:03:53] LoadFromSettings completed
[2026-03-29 14:04:29] SettingsViewModel constructor start
[2026-03-29 14:04:29] Calling LoadFromSettings
[2026-03-29 14:04:29] LoadFromSettings called with: {"SpeedX":1000,"SpeedY":1000,"SpeedXHand":200,"SpeedYHand":200,"SpeedZ":1000,"SpeedZHand":200,"XMin":0,"XMax":1000,"YMin":0,"YMax":600,"ZMin":0,"ZMax":500,"ToolLength1":50,"ToolLength2":50,"ToolLength3":50,"HomeX":0,"HomeY":0,"SafetyHeight":50,"ClampForce":100,"SuperviseTimePunching":0,"RunningTimeBeltWorkpiece":0,"RunningTimeBeltRest":0,"WaitingTimeClosingGrippers":0,"WaitingTimeOpenGrippers":0,"WaitingTimeClosingClamping":0,"WaitingTimeOpenClamping":0,"PartDropOffPosition":0,"GrabPositionGripper":0,"ChangeoverPositionPunching":0,"ChangeoverPositionCutting":0,"OffsetSideStop":0,"ZeroPointTool4":0,"ChangePositionTool4":0,"XAxisAcceleration":0,"XAxisUnblockY":0,"YAxisAcceleration":0,"YAxisUnblockXRight":0,"YAxisUnblockXLeft":0,"YAxisSideStop":0,"ZAxisAcceleration":0}
[2026-03-29 14:04:29] LoadFromSettings finished property assignment
[2026-03-29 14:04:29] LoadFromSettings completed
